Log file open, 07/15/18 09:38:32
LogWindows: Failed to load 'aqProf.dll' (GetLastError=126)
LogWindows: File 'aqProf.dll' does not exist
LogWindows: Failed to load 'VtuneApi.dll' (GetLastError=126)
LogWindows: File 'VtuneApi.dll' does not exist
LogWindows: Failed to load 'VtuneApi32e.dll' (GetLastError=126)
LogWindows: File 'VtuneApi32e.dll' does not exist
LogInit: Display: Running engine for game: HotAsIce
LogPlatformFile: Not using cached read wrapper
LogInit: Display: RandInit(849559103) SRandInit(849559103).
LogInit: Read version file with build ID '3944462'
LogInit: Overriding engine version to CL 4033788, compatible CL 3944462
LogInit: Registered custom module enumerator with build ID '3944462'
LogTaskGraph: Started task graph with 5 named threads and 23 total threads with 3 sets of task threads.
LogStats: Stats thread started at 2.945405
LogD3D11RHI: Aftermath initialized
LogICUInternationalization: Display: ICU TimeZone Detection - Raw Offset: +1:00, Platform Override: ''
LogModuleManager: Display: Found up-to-date module file ../../../Engine/Plugins/2D/Paper2D/Binaries/Win64/UE4Editor-Paper2D.dll (API version 3944462).
LogModuleManager: Display: Found up-to-date module file ../../../Engine/Plugins/2D/Paper2D/Binaries/Win64/UE4Editor-Paper2DEditor.dll (API version 3944462).
LogModuleManager: Display: Found up-to-date module file ../../../Engine/Plugins/2D/Paper2D/Binaries/Win64/UE4Editor-PaperSpriteSheetImporter.dll (API version 3944462).
LogModuleManager: Display: Found up-to-date module file ../../../Engine/Plugins/2D/Paper2D/Binaries/Win64/UE4Editor-PaperTiledImporter.dll (API version 3944462).
LogModuleManager: Display: Found up-to-date module file ../../../Engine/Plugins/2D/Paper2D/Binaries/Win64/UE4Editor-SmartSnapping.dll (API version 3944462).
LogModuleManager: Display: Found up-to-date module file ../../../Engine/Plugins/Blendables/LightPropagationVolume/Binaries/Win64/UE4Editor-LightPropagationVolumeRuntime.dll (API version 3944462).
LogModuleManager: Display: Found up-to-date module file ../../../Engine/Plugins/Blendables/LightPropagationVolume/Binaries/Win64/UE4Editor-LightPropagationVolumeEditor.dll (API version 3944462).
LogModuleManager: Display: Found up-to-date module file ../../../Engine/Plugins/Developer/CLionSourceCodeAccess/Binaries/Win64/UE4Editor-CLionSourceCodeAccess.dll (API version 3944462).
LogModuleManager: Display: Found up-to-date module file ../../../Engine/Plugins/Developer/GitSourceControl/Binaries/Win64/UE4Editor-GitSourceControl.dll (API version 3944462).
LogModuleManager: Display: Found up-to-date module file ../../../Engine/Plugins/Developer/PerforceSourceControl/Binaries/Win64/UE4Editor-PerforceSourceControl.dll (API version 3944462).
LogModuleManager: Display: Found up-to-date module file ../../../Engine/Plugins/Developer/SubversionSourceControl/Binaries/Win64/UE4Editor-SubversionSourceControl.dll (API version 3944462).
LogModuleManager: Display: Found up-to-date module file ../../../Engine/Plugins/Developer/UObjectPlugin/Binaries/Win64/UE4Editor-UObjectPlugin.dll (API version 3944462).
LogModuleManager: Display: Found up-to-date module file ../../../Engine/Plugins/Developer/VisualStudioCodeSourceCodeAccess/Binaries/Win64/UE4Editor-VisualStudioCodeSourceCodeAccess.dll (API version 3944462).
LogModuleManager: Display: Found up-to-date module file ../../../Engine/Plugins/Developer/VisualStudioSourceCodeAccess/Binaries/Win64/UE4Editor-VisualStudioSourceCodeAccess.dll (API version 3944462).
LogModuleManager: Display: Found up-to-date module file ../../../Engine/Plugins/Editor/AssetManagerEditor/Binaries/Win64/UE4Editor-AssetManagerEditor.dll (API version 3944462).
LogModuleManager: Display: Found up-to-date module file ../../../Engine/Plugins/Editor/CryptoKeys/Binaries/Win64/UE4Editor-CryptoKeys.dll (API version 3944462).
LogModuleManager: Display: Found up-to-date module file ../../../Engine/Plugins/Editor/CryptoKeys/Binaries/Win64/UE4Editor-CryptoKeysOpenSSL.dll (API version 3944462).
LogModuleManager: Display: Found up-to-date module file ../../../Engine/Plugins/Editor/DataValidation/Binaries/Win64/UE4Editor-DataValidation.dll (API version 3944462).
LogModuleManager: Display: Found up-to-date module file ../../../Engine/Plugins/Editor/FacialAnimation/Binaries/Win64/UE4Editor-FacialAnimation.dll (API version 3944462).
LogModuleManager: Display: Found up-to-date module file ../../../Engine/Plugins/Editor/FacialAnimation/Binaries/Win64/UE4Editor-FacialAnimationEditor.dll (API version 3944462).
LogModuleManager: Display: Found up-to-date module file ../../../Engine/Plugins/Editor/GameplayTagsEditor/Binaries/Win64/UE4Editor-GameplayTagsEditor.dll (API version 3944462).
LogModuleManager: Display: Found up-to-date module file ../../../Engine/Plugins/Editor/MobileLauncherProfileWizard/Binaries/Win64/UE4Editor-MobileLauncherProfileWizard.dll (API version 3944462).
LogModuleManager: Display: Found up-to-date module file ../../../Engine/Plugins/Editor/PluginBrowser/Binaries/Win64/UE4Editor-PluginBrowser.dll (API version 3944462).
LogModuleManager: Display: Found up-to-date module file ../../../Engine/Plugins/Editor/SpeedTreeImporter/Binaries/Win64/UE4Editor-SpeedTreeImporter.dll (API version 3944462).
LogModuleManager: Display: Found up-to-date module file ../../../Engine/Plugins/Enterprise/DatasmithContent/Binaries/Win64/UE4Editor-DatasmithContent.dll (API version 3944462).
LogModuleManager: Display: Found up-to-date module file ../../../Engine/Plugins/Experimental/AlembicImporter/Binaries/Win64/UE4Editor-AlembicImporter.dll (API version 3944462).
LogModuleManager: Display: Found up-to-date module file ../../../Engine/Plugins/Experimental/AlembicImporter/Binaries/Win64/UE4Editor-AlembicLibrary.dll (API version 3944462).
LogModuleManager: Display: Found up-to-date module file ../../../Engine/Plugins/Experimental/CharacterAI/Binaries/Win64/UE4Editor-CharacterAI.dll (API version 3944462).
LogModuleManager: Display: Found up-to-date module file ../../../Engine/Plugins/Experimental/HTML5Networking/Binaries/Win64/UE4Editor-HTML5Networking.dll (API version 3944462).
LogModuleManager: Display: Found up-to-date module file ../../../Engine/Plugins/Media/AndroidMedia/Binaries/Win64/UE4Editor-AndroidMediaEditor.dll (API version 3944462).
LogModuleManager: Display: Found up-to-date module file ../../../Engine/Plugins/Media/AndroidMedia/Binaries/Win64/UE4Editor-AndroidMediaFactory.dll (API version 3944462).
LogModuleManager: Display: Found up-to-date module file ../../../Engine/Plugins/Media/AvfMedia/Binaries/Win64/UE4Editor-AvfMediaEditor.dll (API version 3944462).
LogModuleManager: Display: Found up-to-date module file ../../../Engine/Plugins/Media/AvfMedia/Binaries/Win64/UE4Editor-AvfMediaFactory.dll (API version 3944462).
LogModuleManager: Display: Found up-to-date module file ../../../Engine/Plugins/Media/AvfMedia/Binaries/Win64/UE4Editor-AvfMediaFactory.dll (API version 3944462).
LogModuleManager: Display: Found up-to-date module file ../../../Engine/Plugins/Media/ImgMedia/Binaries/Win64/UE4Editor-ImgMedia.dll (API version 3944462).
LogModuleManager: Display: Found up-to-date module file ../../../Engine/Plugins/Media/ImgMedia/Binaries/Win64/UE4Editor-ImgMediaEditor.dll (API version 3944462).
LogModuleManager: Display: Found up-to-date module file ../../../Engine/Plugins/Media/ImgMedia/Binaries/Win64/UE4Editor-ImgMediaFactory.dll (API version 3944462).
LogModuleManager: Display: Found up-to-date module file ../../../Engine/Plugins/Media/ImgMedia/Binaries/Win64/UE4Editor-ImgMediaFactory.dll (API version 3944462).
LogModuleManager: Display: Found up-to-date module file ../../../Engine/Plugins/Media/ImgMedia/Binaries/Win64/UE4Editor-OpenExrWrapper.dll (API version 3944462).
LogModuleManager: Display: Found up-to-date module file ../../../Engine/Plugins/Media/LinearTimecode/Binaries/Win64/UE4Editor-LinearTimecode.dll (API version 3944462).
LogModuleManager: Display: Found up-to-date module file ../../../Engine/Plugins/Media/MediaCompositing/Binaries/Win64/UE4Editor-MediaCompositing.dll (API version 3944462).
LogModuleManager: Display: Found up-to-date module file ../../../Engine/Plugins/Media/MediaCompositing/Binaries/Win64/UE4Editor-MediaCompositingEditor.dll (API version 3944462).
LogModuleManager: Display: Found up-to-date module file ../../../Engine/Plugins/Media/MediaPlayerEditor/Binaries/Win64/UE4Editor-MediaPlayerEditor.dll (API version 3944462).
LogModuleManager: Display: Found up-to-date module file ../../../Engine/Plugins/Media/WmfMedia/Binaries/Win64/UE4Editor-WmfMedia.dll (API version 3944462).
LogModuleManager: Display: Found up-to-date module file ../../../Engine/Plugins/Media/WmfMedia/Binaries/Win64/UE4Editor-WmfMediaEditor.dll (API version 3944462).
LogModuleManager: Display: Found up-to-date module file ../../../Engine/Plugins/Media/WmfMedia/Binaries/Win64/UE4Editor-WmfMediaFactory.dll (API version 3944462).
LogModuleManager: Display: Found up-to-date module file ../../../Engine/Plugins/Media/WmfMedia/Binaries/Win64/UE4Editor-WmfMediaFactory.dll (API version 3944462).
LogModuleManager: Display: Found up-to-date module file ../../../Engine/Plugins/Messaging/TcpMessaging/Binaries/Win64/UE4Editor-TcpMessaging.dll (API version 3944462).
LogModuleManager: Display: Found up-to-date module file ../../../Engine/Plugins/Messaging/UdpMessaging/Binaries/Win64/UE4Editor-UdpMessaging.dll (API version 3944462).
LogModuleManager: Display: Found up-to-date module file ../../../Engine/Plugins/MovieScene/ActorSequence/Binaries/Win64/UE4Editor-ActorSequence.dll (API version 3944462).
LogModuleManager: Display: Found up-to-date module file ../../../Engine/Plugins/MovieScene/LevelSequenceEditor/Binaries/Win64/UE4Editor-LevelSequenceEditor.dll (API version 3944462).
LogModuleManager: Display: Found up-to-date module file ../../../Engine/Plugins/MovieScene/MatineeToLevelSequence/Binaries/Win64/UE4Editor-MatineeToLevelSequence.dll (API version 3944462).
LogModuleManager: Display: Found up-to-date module file ../../../Engine/Plugins/NetcodeUnitTest/NetcodeUnitTest/Binaries/Win64/UE4Editor-NetcodeUnitTest.dll (API version 3944462).
LogModuleManager: Display: Found up-to-date module file ../../../Engine/Plugins/NetcodeUnitTest/NUTUnrealEngine4/Binaries/Win64/UE4Editor-NUTUnrealEngine4.dll (API version 3944462).
LogModuleManager: Display: Found up-to-date module file ../../../Engine/Plugins/Online/OnlineSubsystem/Binaries/Win64/UE4Editor-OnlineSubsystem.dll (API version 3944462).
LogModuleManager: Display: Found up-to-date module file ../../../Engine/Plugins/Runtime/AndroidPermission/Binaries/Win64/UE4Editor-AndroidPermission.dll (API version 3944462).
LogModuleManager: Display: Found up-to-date module file ../../../Engine/Plugins/Online/OnlineSubsystemNull/Binaries/Win64/UE4Editor-OnlineSubsystemNull.dll (API version 3944462).
LogModuleManager: Display: Found up-to-date module file ../../../Engine/Plugins/Online/OnlineSubsystemUtils/Binaries/Win64/UE4Editor-OnlineSubsystemUtils.dll (API version 3944462).
LogModuleManager: Display: Found up-to-date module file ../../../Engine/Plugins/Online/OnlineSubsystemUtils/Binaries/Win64/UE4Editor-OnlineBlueprintSupport.dll (API version 3944462).
LogModuleManager: Display: Found up-to-date module file ../../../Engine/Plugins/Runtime/AndroidDeviceProfileSelector/Binaries/Win64/UE4Editor-AndroidDeviceProfileSelector.dll (API version 3944462).
LogModuleManager: Display: Found up-to-date module file ../../../Engine/Plugins/Runtime/AppleARKit/Binaries/Win64/UE4Editor-AppleARKit.dll (API version 3944462).
LogModuleManager: Display: Found up-to-date module file ../../../Engine/Plugins/Runtime/ProceduralMeshComponent/Binaries/Win64/UE4Editor-ProceduralMeshComponent.dll (API version 3944462).
LogModuleManager: Display: Found up-to-date module file ../../../Engine/Plugins/Runtime/ProceduralMeshComponent/Binaries/Win64/UE4Editor-ProceduralMeshComponentEditor.dll (API version 3944462).
LogModuleManager: Display: Found up-to-date module file ../../../Engine/Plugins/Animation/LiveLink/Binaries/Win64/UE4Editor-LiveLink.dll (API version 3944462).
LogModuleManager: Display: Found up-to-date module file ../../../Engine/Plugins/Animation/LiveLink/Binaries/Win64/UE4Editor-LiveLinkEditor.dll (API version 3944462).
LogModuleManager: Display: Found up-to-date module file ../../../Engine/Plugins/Runtime/ArchVisCharacter/Binaries/Win64/UE4Editor-ArchVisCharacter.dll (API version 3944462).
LogModuleManager: Display: Found up-to-date module file ../../../Engine/Plugins/Runtime/AudioCapture/Binaries/Win64/UE4Editor-AudioCapture.dll (API version 3944462).
LogModuleManager: Display: Found up-to-date module file ../../../Engine/Plugins/Runtime/AudioCapture/Binaries/Win64/UE4Editor-AudioCaptureEditor.dll (API version 3944462).
LogModuleManager: Display: Found up-to-date module file ../../../Engine/Plugins/Runtime/CableComponent/Binaries/Win64/UE4Editor-CableComponent.dll (API version 3944462).
LogModuleManager: Display: Found up-to-date module file ../../../Engine/Plugins/Runtime/CustomMeshComponent/Binaries/Win64/UE4Editor-CustomMeshComponent.dll (API version 3944462).
LogModuleManager: Display: Found up-to-date module file ../../../Engine/Plugins/Runtime/ExampleDeviceProfileSelector/Binaries/Win64/UE4Editor-ExampleDeviceProfileSelector.dll (API version 3944462).
LogModuleManager: Display: Found up-to-date module file ../../../Engine/Plugins/Runtime/ImmediatePhysics/Binaries/Win64/UE4Editor-ImmediatePhysics.dll (API version 3944462).
LogModuleManager: Display: Found up-to-date module file ../../../Engine/Plugins/Runtime/ImmediatePhysics/Binaries/Win64/UE4Editor-ImmediatePhysicsEditor.dll (API version 3944462).
LogModuleManager: Display: Found up-to-date module file ../../../Engine/Plugins/Runtime/LocationServicesBPLibrary/Binaries/Win64/UE4Editor-LocationServicesBPLibrary.dll (API version 3944462).
LogModuleManager: Display: Found up-to-date module file ../../../Engine/Plugins/Runtime/MobilePatchingUtils/Binaries/Win64/UE4Editor-MobilePatchingUtils.dll (API version 3944462).
LogModuleManager: Display: Found up-to-date module file ../../../Engine/Plugins/Runtime/Oculus/OculusVR/Binaries/Win64/UE4Editor-OculusHMD.dll (API version 3944462).
LogModuleManager: Display: Found up-to-date module file ../../../Engine/Plugins/Runtime/Oculus/OculusVR/Binaries/Win64/UE4Editor-OculusInput.dll (API version 3944462).
LogModuleManager: Display: Found up-to-date module file ../../../Engine/Plugins/Runtime/Oculus/OculusVR/Binaries/Win64/UE4Editor-OculusEditor.dll (API version 3944462).
LogModuleManager: Display: Found up-to-date module file ../../../Engine/Plugins/Runtime/PhysXVehicles/Binaries/Win64/UE4Editor-PhysXVehicles.dll (API version 3944462).
LogModuleManager: Display: Found up-to-date module file ../../../Engine/Plugins/Runtime/PhysXVehicles/Binaries/Win64/UE4Editor-PhysXVehiclesEditor.dll (API version 3944462).
LogModuleManager: Display: Found up-to-date module file ../../../Engine/Plugins/Runtime/RuntimePhysXCooking/Binaries/Win64/UE4Editor-RuntimePhysXCooking.dll (API version 3944462).
LogModuleManager: Display: Found up-to-date module file ../../../Engine/Plugins/Runtime/Steam/SteamVR/Binaries/Win64/UE4Editor-SteamVR.dll (API version 3944462).
LogModuleManager: Display: Found up-to-date module file ../../../Engine/Plugins/Runtime/Steam/SteamVR/Binaries/Win64/UE4Editor-SteamVRController.dll (API version 3944462).
LogModuleManager: Display: Found up-to-date module file ../../../Engine/Plugins/Runtime/WindowsMoviePlayer/Binaries/Win64/UE4Editor-WindowsMoviePlayer.dll (API version 3944462).
LogPluginManager: Mounting plugin Paper2D
LogPluginManager: Mounting plugin LiveLink
LogPluginManager: Mounting plugin LightPropagationVolume
LogPluginManager: Mounting plugin CLionSourceCodeAccess
LogPluginManager: Mounting plugin CodeLiteSourceCodeAccess
LogPluginManager: Mounting plugin GitSourceControl
LogPluginManager: Mounting plugin KDevelopSourceCodeAccess
LogPluginManager: Mounting plugin NullSourceCodeAccess
LogPluginManager: Mounting plugin PerforceSourceControl
LogPluginManager: Mounting plugin SubversionSourceControl
LogPluginManager: Mounting plugin UObjectPlugin
LogPluginManager: Mounting plugin VisualStudioCodeSourceCodeAccess
LogPluginManager: Mounting plugin VisualStudioSourceCodeAccess
LogPluginManager: Mounting plugin XCodeSourceCodeAccess
LogPluginManager: Mounting plugin AssetManagerEditor
LogPluginManager: Mounting plugin CryptoKeys
LogPluginManager: Mounting plugin DataValidation
LogPluginManager: Mounting plugin FacialAnimation
LogPluginManager: Mounting plugin GameplayTagsEditor
LogPluginManager: Mounting plugin MobileLauncherProfileWizard
LogPluginManager: Mounting plugin PluginBrowser
LogPluginManager: Mounting plugin SpeedTreeImporter
LogPluginManager: Mounting plugin DatasmithContent
LogPluginManager: Mounting plugin AlembicImporter
LogPluginManager: Mounting plugin CharacterAI
LogPluginManager: Mounting plugin HTML5Networking
LogPluginManager: Mounting plugin AndroidMedia
LogPluginManager: Mounting plugin AvfMedia
LogPluginManager: Mounting plugin ImgMedia
LogPluginManager: Mounting plugin LinearTimecode
LogPluginManager: Mounting plugin MediaCompositing
LogPluginManager: Mounting plugin MediaPlayerEditor
LogPluginManager: Mounting plugin WmfMedia
LogPluginManager: Mounting plugin TcpMessaging
LogPluginManager: Mounting plugin UdpMessaging
LogPluginManager: Mounting plugin ActorSequence
LogPluginManager: Mounting plugin LevelSequenceEditor
LogPluginManager: Mounting plugin MatineeToLevelSequence
LogPluginManager: Mounting plugin NetcodeUnitTest
LogPluginManager: Mounting plugin NUTUnrealEngine4
LogPluginManager: Mounting plugin OnlineSubsystemGooglePlay
LogPluginManager: Mounting plugin OnlineSubsystemIOS
LogPluginManager: Mounting plugin OnlineSubsystem
LogPluginManager: Mounting plugin OnlineSubsystemNull
LogPluginManager: Mounting plugin OnlineSubsystemUtils
LogPluginManager: Mounting plugin AndroidDeviceProfileSelector
LogPluginManager: Mounting plugin AndroidMoviePlayer
LogPluginManager: Mounting plugin AndroidPermission
LogPluginManager: Mounting plugin AppleARKit
LogPluginManager: Mounting plugin AppleMoviePlayer
LogPluginManager: Mounting plugin ArchVisCharacter
LogPluginManager: Mounting plugin AudioCapture
LogPluginManager: Mounting plugin CableComponent
LogPluginManager: Mounting plugin CustomMeshComponent
LogPluginManager: Mounting plugin ExampleDeviceProfileSelector
LogPluginManager: Mounting plugin GoogleCloudMessaging
LogPluginManager: Mounting plugin ImmediatePhysics
LogPluginManager: Mounting plugin IOSDeviceProfileSelector
LogPluginManager: Mounting plugin LinuxDeviceProfileSelector
LogPluginManager: Mounting plugin LocationServicesBPLibrary
LogPluginManager: Mounting plugin MobilePatchingUtils
LogPluginManager: Mounting plugin OculusVR
LogPluginManager: Plugin shader directory ../../../Engine/Plugins/Runtime/Oculus/OculusVR/Shaders found
LogPluginManager: Mapping shader source directory ../../../Engine/Plugins/Runtime/Oculus/OculusVR/Shaders to virtual directory /Plugin/OculusVR
LogPluginManager: Mounting plugin PhysXVehicles
LogPluginManager: Mounting plugin ProceduralMeshComponent
LogPluginManager: Mounting plugin RuntimePhysXCooking
LogPluginManager: Mounting plugin SteamVR
LogPluginManager: Mounting plugin WindowsMoviePlayer
LogStreaming: Display: Took  4.750s to configure plugins.
LogInit: Using libcurl 7.47.1
LogInit:  - built for x86_64-pc-win32
LogInit:  - supports SSL with OpenSSL/1.0.2g
LogInit:  - supports HTTP deflate (compression) using libz 1.2.8
LogInit:  - other features:
LogInit:      CURL_VERSION_SSL
LogInit:      CURL_VERSION_LIBZ
LogInit:      CURL_VERSION_IPV6
LogInit:      CURL_VERSION_ASYNCHDNS
LogInit:      CURL_VERSION_LARGEFILE
LogInit:      CURL_VERSION_IDN
LogInit:  CurlRequestOptions (configurable via config and command line):
LogInit:  - bVerifyPeer = false  - Libcurl will NOT verify peer certificate
LogInit:  - bUseHttpProxy = false  - Libcurl will NOT use HTTP proxy
LogInit:  - bDontReuseConnections = false  - Libcurl will reuse connections
LogInit:  - CertBundlePath = nullptr  - Libcurl will use whatever was configured at build time.
LogInit:  - MaxHostConnections = 16  - Libcurl will limit the number of connections to a host
LogInit:  - LocalHostAddr = Default
LogInit: WinSock: version 1.1 (2.2), MaxSocks=32767, MaxUdp=65467
LogInit: WinSock: I am LAPTOP-0FSHU77K (10.50.4.22:0)
LogInit: Build: ++UE4+Release-4.19-CL-4033788
LogInit: Engine Version: 4.19.2-4033788+++UE4+Release-4.19
LogInit: Compatible Engine Version: 4.19.0-3944462+++UE4+Release-4.19
LogInit: Net CL: 3944462
LogDevObjectVersion: Number of dev versions registered: 18
LogDevObjectVersion:   Dev-Blueprints (B0D832E4-1F89-4F0D-ACCF-7EB736FD4AA2): 10
LogDevObjectVersion:   Dev-Build (E1C64328-A22C-4D53-A36C-8E866417BD8C): 0
LogDevObjectVersion:   Dev-Core (375EC13C-06E4-48FB-B500-84F0262A717E): 2
LogDevObjectVersion:   Dev-Editor (E4B068ED-F494-42E9-A231-DA0B2E46BB41): 23
LogDevObjectVersion:   Dev-Framework (CFFC743F-43B0-4480-9391-14DF171D2073): 33
LogDevObjectVersion:   Dev-Mobile (B02B49B5-BB20-44E9-A304-32B752E40360): 2
LogDevObjectVersion:   Dev-Networking (A4E4105C-59A1-49B5-A7C5-40C4547EDFEE): 0
LogDevObjectVersion:   Dev-Online (39C831C9-5AE6-47DC-9A44-9C173E1C8E7C): 0
LogDevObjectVersion:   Dev-Physics (78F01B33-EBEA-4F98-B9B4-84EACCB95AA2): 0
LogDevObjectVersion:   Dev-Platform (6631380F-2D4D-43E0-8009-CF276956A95A): 0
LogDevObjectVersion:   Dev-Rendering (12F88B9F-8875-4AFC-A67C-D90C383ABD29): 25
LogDevObjectVersion:   Dev-Sequencer (7B5AE74C-D270-4C10-A958-57980B212A5A): 6
LogDevObjectVersion:   Dev-VR (D7296918-1DD6-4BDD-9DE2-64A83CC13884): 1
LogDevObjectVersion:   Dev-LoadTimes (C2A15278-BFE7-4AFE-6C17-90FF531DF755): 1
LogDevObjectVersion:   Private-Geometry (6EACA3D4-40EC-4CC1-B786-8BED09428FC5): 2
LogDevObjectVersion:   Dev-AnimPhys (29E575DD-E0A3-4627-9D10-D276232CDCEA): 16
LogDevObjectVersion:   Dev-ReflectionCapture (6B266CEC-1EC7-4B8F-A30B-E4D90942FC07): 1
LogDevObjectVersion:   Dev-Automation (0DF73D61-A23F-47EA-B727-89E90C41499A): 1
LogInit: Compiled (64-bit): Apr 27 2018 02:06:57
LogInit: Compiled with Visual C++: 19.00.24215.01
LogInit: Build Configuration: Development
LogInit: Branch Name: ++UE4+Release-4.19
LogInit: Command Line:  
LogInit: Base Directory: D:/programs/unreal/UE_4.19/Engine/Binaries/Win64/
LogInit: Installed Engine Build: 1
LogStreaming: Display: Took  0.015s to delete old logs.
LogInit: Presizing for max 8388607 objects, including 0 objects not considered by GC, pre-allocating 0 bytes for permanent pool.
LogInit: Object subsystem initialized
[2018.07.15-07.38.39:308][  0]LogInit: Selected Device Profile: [Windows]
[2018.07.15-07.38.39:309][  0]LogInit: Applying CVar settings loaded from the selected device profile: [Windows]
[2018.07.15-07.38.39:446][  0]LogInit: Computer: LAPTOP-0FSHU77K
[2018.07.15-07.38.39:446][  0]LogInit: User: jenni
[2018.07.15-07.38.39:446][  0]LogInit: CPU Page size=4096, Cores=4
[2018.07.15-07.38.39:446][  0]LogInit: High frequency timer resolution =2.742190 MHz
[2018.07.15-07.38.39:447][  0]LogMemory: Memory total: Physical=16.0GB (16GB approx)
[2018.07.15-07.38.39:447][  0]LogMemory: Platform Memory Stats for Windows
[2018.07.15-07.38.39:447][  0]LogMemory: Process Physical Memory: 273.74 MB used, 273.74 MB peak
[2018.07.15-07.38.39:447][  0]LogMemory: Process Virtual Memory: 264.66 MB used, 264.66 MB peak
[2018.07.15-07.38.39:447][  0]LogMemory: Physical Memory: 5626.02 MB used,  10715.20 MB free, 16341.22 MB total
[2018.07.15-07.38.39:447][  0]LogMemory: Virtual Memory: 4779.99 MB used,  10715.20 MB free, 134217728.00 MB total
[2018.07.15-07.38.40:217][  0]LogInit: Using OS detected language (en-GB).
[2018.07.15-07.38.40:217][  0]LogInit: Using OS detected locale (de-DE).
[2018.07.15-07.38.40:429][  0]LogTextLocalizationManager: No specific localization for 'en-GB' exists, so the 'en' localization will be used.
[2018.07.15-07.38.41:257][  0]LogStreaming: Display: Took  1.022s to EndInitTextLocalization.
[2018.07.15-07.38.41:277][  0]LogInit: Setting process to per monitor DPI aware
[2018.07.15-07.38.41:869][  0]LogSlate: New Slate User Created.  User Index 0, Is Virtual User: 0
[2018.07.15-07.38.41:869][  0]LogSlate: Slate User Registered.  User Index 0, Is Virtual User: 0
[2018.07.15-07.38.45:389][  0]LogD3D11RHI: D3D11 adapters:
[2018.07.15-07.38.45:491][  0]LogD3D11RHI:    0. 'NVIDIA GeForce GTX 1060' (Feature Level 11_0)
[2018.07.15-07.38.45:491][  0]LogD3D11RHI:       6061/0/8170 MB DedicatedVideo/DedicatedSystem/SharedSystem, Outputs:1, VendorId:0x10de
[2018.07.15-07.38.45:495][  0]LogD3D11RHI:    1. 'Microsoft Basic Render Driver' (Feature Level 11_0)
[2018.07.15-07.38.45:495][  0]LogD3D11RHI:       0/0/8170 MB DedicatedVideo/DedicatedSystem/SharedSystem, Outputs:0, VendorId:0x1414
[2018.07.15-07.38.45:495][  0]LogD3D11RHI: Chosen D3D11 Adapter: 0
[2018.07.15-07.38.45:503][  0]LogD3D11RHI: Creating new Direct3DDevice
[2018.07.15-07.38.45:503][  0]LogD3D11RHI:     GPU DeviceId: 0x1c60 (for the marketing name, search the web for "GPU Device Id")
[2018.07.15-07.38.45:503][  0]LogWindows: EnumDisplayDevices:
[2018.07.15-07.38.45:504][  0]LogWindows:    0. 'NVIDIA GeForce GTX 1060' (P:1 D:1)
[2018.07.15-07.38.45:504][  0]LogWindows:    1. 'NVIDIA GeForce GTX 1060' (P:0 D:0)
[2018.07.15-07.38.45:504][  0]LogWindows:    2. 'NVIDIA GeForce GTX 1060' (P:0 D:0)
[2018.07.15-07.38.45:504][  0]LogWindows:    3. 'NVIDIA GeForce GTX 1060' (P:0 D:0)
[2018.07.15-07.38.45:505][  0]LogWindows: DebugString: GetVideoDriverDetailsInvalid PrimaryIsNotTheChoosenAdapter GetVideoDriverDetailsInvalid PrimaryIsNotTheChoosenAdapter GetVideoDriverDetailsInvalid PrimaryIsNotTheChoosenAdapter GetVideoDriverDetailsInvalid PrimaryIsNotTheChoosenAdapter FoundDriverCount:0 
[2018.07.15-07.38.45:505][  0]LogD3D11RHI:     Adapter Name: NVIDIA GeForce GTX 1060
[2018.07.15-07.38.45:505][  0]LogD3D11RHI:   Driver Version: Unknown (internal:Unknown, unified:Unknown)
[2018.07.15-07.38.45:505][  0]LogD3D11RHI:      Driver Date: Unknown
[2018.07.15-07.38.45:505][  0]LogRHI: Texture pool is 4242 MB (70% of 6061 MB)
[2018.07.15-07.38.45:547][  0]LogD3D11RHI: [Aftermath] Aftermath enabled and primed
[2018.07.15-07.38.45:547][  0]LogD3D11RHI: [Aftermath] Aftermath enabled and primed
[2018.07.15-07.38.45:547][  0]LogD3D11RHI: Async texture creation enabled
[2018.07.15-07.38.45:819][  0]LogD3D11RHI: GPU Timing Frequency: 1000.000000 (Debug: 2 1)
[2018.07.15-07.38.45:922][  0]LogShaderCompilers: Guid format shader working directory is -7 characters bigger than the processId version (../../../../../../BrainsEden/BrainsEden2018/HotAsIce/Intermediate/Shaders/WorkingDirectory/12608/).
[2018.07.15-07.38.45:932][  0]LogShaderCompilers: Cleaned the shader compiler working directory 'C:/Users/jenni/AppData/Local/Temp/UnrealShaderWorkingDir/CB94D6AA47CE06AC3184C1B50EAD85F8/'.
[2018.07.15-07.38.51:209][  0]LogTemp: Display: Loaded TP AllDesktopTargetPlatform
[2018.07.15-07.38.51:262][  0]LogTemp: Display: Loaded TP MacClientTargetPlatform
[2018.07.15-07.38.51:289][  0]LogTemp: Display: Loaded TP MacNoEditorTargetPlatform
[2018.07.15-07.38.51:323][  0]LogTemp: Display: Loaded TP MacServerTargetPlatform
[2018.07.15-07.38.51:374][  0]LogTemp: Display: Loaded TP MacTargetPlatform
[2018.07.15-07.38.51:414][  0]LogTemp: Display: Loaded TP WindowsClientTargetPlatform
[2018.07.15-07.38.51:453][  0]LogTemp: Display: Loaded TP WindowsNoEditorTargetPlatform
[2018.07.15-07.38.51:486][  0]LogTemp: Display: Loaded TP WindowsServerTargetPlatform
[2018.07.15-07.38.51:500][  0]LogTemp: Display: Loaded TP WindowsTargetPlatform
[2018.07.15-07.38.51:542][  0]LogTemp: Display: Loaded TP Android_ASTCTargetPlatform
[2018.07.15-07.38.51:571][  0]LogTemp: Display: Loaded TP Android_ATCTargetPlatform
[2018.07.15-07.38.51:605][  0]LogTemp: Display: Loaded TP Android_DXTTargetPlatform
[2018.07.15-07.38.51:642][  0]LogTemp: Display: Loaded TP Android_ETC1aTargetPlatform
[2018.07.15-07.38.51:674][  0]LogTemp: Display: Loaded TP Android_ETC1TargetPlatform
[2018.07.15-07.38.51:705][  0]LogTemp: Display: Loaded TP Android_ETC2TargetPlatform
[2018.07.15-07.38.51:782][  0]LogTemp: Display: Loaded TP Android_MultiTargetPlatform
[2018.07.15-07.38.51:782][  0]LogTemp: Display: Loaded TP Android_PVRTCTargetPlatform
[2018.07.15-07.38.51:848][  0]LogTemp: Display: Loaded TP AndroidTargetPlatform
[2018.07.15-07.38.51:881][  0]LogTemp: Display: Loaded TP HTML5TargetPlatform
[2018.07.15-07.38.52:032][  0]LogTemp: Display: Loaded TP IOSTargetPlatform
[2018.07.15-07.38.52:069][  0]LogTemp: Display: Loaded TP TVOSTargetPlatform
[2018.07.15-07.38.52:118][  0]LogTemp: Display: Loaded TP LinuxClientTargetPlatform
[2018.07.15-07.38.52:150][  0]LogTemp: Display: Loaded TP LinuxNoEditorTargetPlatform
[2018.07.15-07.38.52:182][  0]LogTemp: Display: Loaded TP LinuxServerTargetPlatform
[2018.07.15-07.38.52:217][  0]LogTemp: Display: Loaded TP LinuxTargetPlatform
[2018.07.15-07.38.52:217][  0]LogTargetPlatformManager: Display: Building Assets For Windows
[2018.07.15-07.38.53:300][  0]LogXGEController: Cleaning working directory: C:/Users/jenni/AppData/Local/Temp/UnrealXGEWorkingDir/
[2018.07.15-07.38.53:301][  0]LogXGEController: Cannot use XGE Controller as Incredibuild is not installed on this machine.
[2018.07.15-07.38.53:317][  0]LogShaderCompilers: Cannot use XGE Shader Compiler as Incredibuild is not installed on this machine.
[2018.07.15-07.38.53:317][  0]LogShaderCompilers: Display: Using Local Shader Compiler.
[2018.07.15-07.38.56:375][  0]LogDerivedDataCache: Display: Max Cache Size: 512 MB
[2018.07.15-07.38.56:585][  0]LogDerivedDataCache: Loaded boot cache 0.21s 74MB C:/Users/jenni/AppData/Local/UnrealEngine/4.19/DerivedDataCache/Boot.ddc.
[2018.07.15-07.38.56:585][  0]LogDerivedDataCache: Display: Loaded Boot cache: C:/Users/jenni/AppData/Local/UnrealEngine/4.19/DerivedDataCache/Boot.ddc
[2018.07.15-07.38.56:586][  0]LogDerivedDataCache: FDerivedDataBackendGraph:  Pak pak cache file ../../../../../../BrainsEden/BrainsEden2018/HotAsIce/DerivedDataCache/DDC.ddp not found, will not use a pak cache.
[2018.07.15-07.38.56:586][  0]LogDerivedDataCache: Unable to find inner node Pak for hierarchical cache Hierarchy.
[2018.07.15-07.38.56:586][  0]LogDerivedDataCache: FDerivedDataBackendGraph:  CompressedPak pak cache file ../../../../../../BrainsEden/BrainsEden2018/HotAsIce/DerivedDataCache/Compressed.ddp not found, will not use a pak cache.
[2018.07.15-07.38.56:586][  0]LogDerivedDataCache: Unable to find inner node CompressedPak for hierarchical cache Hierarchy.
[2018.07.15-07.38.56:704][  0]LogDerivedDataCache: Display: Pak cache opened for reading ../../../Engine/DerivedDataCache/Compressed.ddp.
[2018.07.15-07.38.56:719][  0]LogDerivedDataCache: Using Local data cache path C:/Users/jenni/AppData/Local/UnrealEngine/Common/DerivedDataCache: Writable
[2018.07.15-07.38.56:719][  0]LogDerivedDataCache: Shared data cache path not found in *engine.ini, will not use an Shared cache.
[2018.07.15-07.38.56:719][  0]LogDerivedDataCache: Unable to find inner node Shared for hierarchical cache Hierarchy.
[2018.07.15-07.38.56:793][  0]LogMaterial: Verifying Global Shaders for PCD3D_SM5
[2018.07.15-07.38.56:822][  0]LogSlate: Using Freetype 2.6.0
[2018.07.15-07.38.56:889][  0]LogSlate: SlateFontCache - WITH_FREETYPE: 1, WITH_HARFBUZZ: 1
[2018.07.15-07.38.56:889][  0]LogSlate: SlateFontCache - WITH_FREETYPE: 1, WITH_HARFBUZZ: 1
[2018.07.15-07.39.00:143][  0]LogAssetRegistry: FAssetRegistry took 0.0475 seconds to start up
[2018.07.15-07.39.06:038][  0]LogInit: Selected Device Profile: [Windows]
[2018.07.15-07.39.10:203][  0]LogSimplygon: Simplygon DLL not present - disabling.
[2018.07.15-07.39.10:332][  0]LogMeshReduction: Using SimplygonSwarm for distributed automatic mesh merging
[2018.07.15-07.39.10:334][  0]LogMeshReduction: Using QuadricMeshReduction for automatic static mesh reduction
[2018.07.15-07.39.10:343][  0]LogMeshReduction: No automatic skeletal mesh reduction module available
[2018.07.15-07.39.10:343][  0]LogMeshReduction: No automatic mesh merging module available
[2018.07.15-07.39.10:344][  0]LogMeshMerging: No automatic mesh merging module available
[2018.07.15-07.39.11:495][  0]LogNetVersion: HotAsIce , NetCL: 3944462, EngineNetVer: 2, GameNetVer: 0 (Checksum: 389168531)
[2018.07.15-07.39.19:271][  0]LogPackageLocalizationCache: Processed 9 localized package path(s) for 2 prioritized culture(s) in 0.324000 seconds
[2018.07.15-07.39.19:296][  0]LogUObjectArray: 36728 objects as part of root set at end of initial load.
[2018.07.15-07.39.19:296][  0]LogUObjectAllocator: 7314304 out of 0 bytes used by permanent object pool.
[2018.07.15-07.39.19:296][  0]LogUObjectArray: CloseDisregardForGC: 0/0 objects in disregard for GC pool
[2018.07.15-07.39.54:760][  0]LogTcpMessaging: Initializing TcpMessaging bridge
[2018.07.15-07.39.54:873][  0]LogUdpMessaging: Initializing bridge on interface 0.0.0.0:0 to multicast group 230.0.0.1:6666.
[2018.07.15-07.39.56:339][  0]SourceControl: Source control is disabled
[2018.07.15-07.39.56:339][  0]SourceControl: Source control is disabled
[2018.07.15-07.39.56:461][  0]SourceControl: Source control is disabled
[2018.07.15-07.39.56:521][  0]SourceControl: Source control is disabled
[2018.07.15-07.39.58:544][  0]LogAndroidPermission: UAndroidPermissionCallbackProxy::GetInstance
[2018.07.15-07.39.59:033][  0]LogOcInput: OculusInput pre-init called
[2018.07.15-07.39.59:670][  0]LogEngine: Initializing Engine...
[2018.07.15-07.39.59:686][  0]LogHMD: Failed to initialize OpenVR with code 110
[2018.07.15-07.39.59:706][  0]LogStats: UGameplayTagsManager::ConstructGameplayTagTree: Construct from data asset -  0.000 s
[2018.07.15-07.39.59:706][  0]LogStats: UGameplayTagsManager::ConstructGameplayTagTree: GameplayTagTreeChangedEvent.Broadcast -  0.000 s
[2018.07.15-07.40.00:466][  0]LogAIModule: Creating AISystem for world Untitled
[2018.07.15-07.40.00:563][  0]LogInit: XAudio2 using 'Speakers (Realtek High Definition Audio)' : 2 channels at 48 kHz using 32 bits per sample (channel mask 0x3)
[2018.07.15-07.40.01:319][  0]LogInit: FAudioDevice initialized.
[2018.07.15-07.40.01:385][  0]LogDerivedDataCache: Saved boot cache 0.07s 74MB C:/Users/jenni/AppData/Local/UnrealEngine/4.19/DerivedDataCache/Boot.ddc.
[2018.07.15-07.40.01:421][  0]LogInit: Texture streaming: Enabled
[2018.07.15-07.40.01:543][  0]LogEngineSessionManager: EngineSessionManager initialized
[2018.07.15-07.40.01:929][  0]LogInit: Transaction tracking system initialized
[2018.07.15-07.40.02:874][  0]BlueprintLog: New page: Editor Load
[2018.07.15-07.40.05:501][  0]LocalizationService: Localization service is disabled
[2018.07.15-07.40.06:389][  0]LogLinker: Warning: Can't find file '/Game/SideScrollerPresets/SideScrollerOverview'
[2018.07.15-07.40.06:399][  0]LogLinker: Warning: Can't find file '/Game/SideScrollerPresets/SideScrollerOverview'
[2018.07.15-07.40.06:400][  0]LogUObjectGlobals: Warning: Failed to find object 'Class /Game/SideScrollerPresets/SideScrollerOverview.SideScrollerOverview_C'
[2018.07.15-07.40.07:009][  0]LogConsoleResponse: Display: 
[2018.07.15-07.40.09:434][  0]LogFileCache: Scanning file cache for directory 'D:/BrainsEden/BrainsEden2018/HotAsIce/Content/' took 0.02s
[2018.07.15-07.40.09:434][  0]LogCook: Display: Max memory allowance for cook 16384mb min free memory 0mb
[2018.07.15-07.40.09:434][  0]LogCook: Display: Mobile HDR setting 1
[2018.07.15-07.40.09:434][  0]LogGameplayTags: Display: UGameplayTagsManager::DoneAddingNativeTags. DelegateIsBound: 0
[2018.07.15-07.40.09:435][  0]LogStats: UGameplayTagsManager::ConstructGameplayTagTree: Construct from data asset -  0.000 s
[2018.07.15-07.40.09:435][  0]LogStats: UGameplayTagsManager::ConstructGameplayTagTree: GameplayTagTreeChangedEvent.Broadcast -  0.000 s
[2018.07.15-07.40.14:364][  0]SourceControl: Source control is disabled
[2018.07.15-07.40.14:473][  0]Cmd: MAP LOAD FILE="../../../../../../BrainsEden/BrainsEden2018/HotAsIce/Content/Maps/PlayerMovementTest.umap" TEMPLATE=0 SHOWPROGRESS=1 FEATURELEVEL=3
[2018.07.15-07.40.14:538][  0]LightingResults: New page: Lighting Build
[2018.07.15-07.40.14:805][  0]MapCheck: New page: Map Check
[2018.07.15-07.40.14:805][  0]LightingResults: New page: Lighting Build
[2018.07.15-07.40.16:708][  0]LogUObjectGlobals: Created PersistentFrame Addr=0x0000020a95658d00, Size=336, Default__CameraFocusActor_C Function /Game/Blueprints/CameraFocusActor.CameraFocusActor_C:ExecuteUbergraph_CameraFocusActor
[2018.07.15-07.40.16:718][  0]LogUObjectGlobals: Created PersistentFrame Addr=0x0000020a95b06e80, Size=624, Default__Player_BP_C Function /Game/Blueprints/Character/Player_BP.Player_BP_C:ExecuteUbergraph_Player_BP
[2018.07.15-07.40.16:828][  0]LogUObjectGlobals: Created PersistentFrame Addr=0x0000020a95662780, Size=200, Default__BP_Health_C Function /Game/Blueprints/Character/BP_Health.BP_Health_C:ExecuteUbergraph_BP_Health
[2018.07.15-07.40.16:872][  0]LogUObjectGlobals: Created PersistentFrame Addr=0x0000020a95642e00, Size=184, Default__BP_Tile_C Function /Game/Blueprints/Tiles/BP_Tile.BP_Tile_C:ExecuteUbergraph_BP_Tile
[2018.07.15-07.40.16:888][  0]LogUObjectGlobals: Created PersistentFrame Addr=0x0000020a95b00480, Size=416, Default__BP_Marker_C Function /Game/Blueprints/Character/BP_Marker.BP_Marker_C:ExecuteUbergraph_BP_Marker
[2018.07.15-07.40.16:894][  0]LogUObjectGlobals: Created PersistentFrame Addr=0x0000020a955f1d00, Size=1136, Default__BP_Weapon_C Function /Game/Blueprints/Character/BP_Weapon.BP_Weapon_C:ExecuteUbergraph_BP_Weapon
[2018.07.15-07.40.17:046][  0]LogUObjectGlobals: Created PersistentFrame Addr=0x0000020a952ec400, Size=992, Default__BP_Projectile_C Function /Game/Blueprints/Projectiles/BP_Projectile.BP_Projectile_C:ExecuteUbergraph_BP_Projectile
[2018.07.15-07.40.17:053][  0]LogUObjectGlobals: Created PersistentFrame Addr=0x0000020a952c7e50, Size=48, Default__GI_HotAsIce_C Function /Game/Blueprints/GameMode/GI_HotAsIce.GI_HotAsIce_C:ExecuteUbergraph_GI_HotAsIce
[2018.07.15-07.40.17:103][  0]LogUObjectGlobals: Created PersistentFrame Addr=0x0000020a97fc74c0, Size=296, Default__UI_HUD_BP_C Function /Game/Blueprints/UI/UI_HUD_BP.UI_HUD_BP_C:ExecuteUbergraph_UI_HUD_BP
[2018.07.15-07.40.17:142][  0]LogUObjectGlobals: Created PersistentFrame Addr=0x0000020a95718288, Size=4, Default__BaseGameMode_C Function /Game/Blueprints/GameMode/BaseGameMode.BaseGameMode_C:ExecuteUbergraph_BaseGameMode
[2018.07.15-07.40.17:616][  0]LogUObjectGlobals: Destroyed PersistentFrame Addr=0x0000020a95662780, Size=200
[2018.07.15-07.40.17:616][  0]LogUObjectGlobals: Created PersistentFrame Addr=0x0000020a97d16e80, Size=200, Default__BP_Health_C Function /Engine/Transient.REINST_BP_Health_C_5:ExecuteUbergraph_BP_Health
[2018.07.15-07.40.17:618][  0]LogUObjectGlobals: Destroyed PersistentFrame Addr=0x0000020a95b00480, Size=416
[2018.07.15-07.40.17:618][  0]LogUObjectGlobals: Created PersistentFrame Addr=0x0000020a97e6b3c0, Size=416, Default__BP_Marker_C Function /Engine/Transient.REINST_BP_Marker_C_6:ExecuteUbergraph_BP_Marker
[2018.07.15-07.40.17:619][  0]LogUObjectGlobals: Destroyed PersistentFrame Addr=0x0000020a952ec400, Size=992
[2018.07.15-07.40.17:619][  0]LogUObjectGlobals: Created PersistentFrame Addr=0x0000020a97e73000, Size=992, Default__BP_Projectile_C Function /Engine/Transient.REINST_BP_Projectile_C_7:ExecuteUbergraph_BP_Projectile
[2018.07.15-07.40.17:620][  0]LogUObjectGlobals: Destroyed PersistentFrame Addr=0x0000020a95642e00, Size=184
[2018.07.15-07.40.17:620][  0]LogUObjectGlobals: Created PersistentFrame Addr=0x0000020a97df3340, Size=184, Default__BP_Tile_C Function /Engine/Transient.REINST_BP_Tile_C_8:ExecuteUbergraph_BP_Tile
[2018.07.15-07.40.17:621][  0]LogUObjectGlobals: Destroyed PersistentFrame Addr=0x0000020a955f1d00, Size=1136
[2018.07.15-07.40.17:621][  0]LogUObjectGlobals: Created PersistentFrame Addr=0x0000020acd7bb900, Size=1136, Default__BP_Weapon_C Function /Engine/Transient.REINST_BP_Weapon_C_9:ExecuteUbergraph_BP_Weapon
[2018.07.15-07.40.17:621][  0]LogUObjectGlobals: Destroyed PersistentFrame Addr=0x0000020a95658d00, Size=336
[2018.07.15-07.40.17:621][  0]LogUObjectGlobals: Created PersistentFrame Addr=0x0000020af4b03280, Size=336, Default__CameraFocusActor_C Function /Engine/Transient.REINST_CameraFocusActor_C_10:ExecuteUbergraph_CameraFocusActor
[2018.07.15-07.40.17:622][  0]LogUObjectGlobals: Destroyed PersistentFrame Addr=0x0000020a952c7e50, Size=48
[2018.07.15-07.40.17:622][  0]LogUObjectGlobals: Created PersistentFrame Addr=0x0000020a952c7e50, Size=48, Default__GI_HotAsIce_C Function /Engine/Transient.REINST_GI_HotAsIce_C_11:ExecuteUbergraph_GI_HotAsIce
[2018.07.15-07.40.17:622][  0]LogUObjectGlobals: Destroyed PersistentFrame Addr=0x0000020a95718288, Size=4
[2018.07.15-07.40.17:622][  0]LogUObjectGlobals: Created PersistentFrame Addr=0x0000020a97ecddd0, Size=4, Default__BaseGameMode_C Function /Engine/Transient.REINST_BaseGameMode_C_12:ExecuteUbergraph_BaseGameMode
[2018.07.15-07.40.17:623][  0]LogUObjectGlobals: Destroyed PersistentFrame Addr=0x0000020a95b06e80, Size=624
[2018.07.15-07.40.17:623][  0]LogUObjectGlobals: Created PersistentFrame Addr=0x0000020a97f25800, Size=624, Default__Player_BP_C Function /Engine/Transient.REINST_Player_BP_C_13:ExecuteUbergraph_Player_BP
[2018.07.15-07.40.17:624][  0]LogUObjectGlobals: Destroyed PersistentFrame Addr=0x0000020a97fc74c0, Size=296
[2018.07.15-07.40.17:624][  0]LogUObjectGlobals: Created PersistentFrame Addr=0x0000020a97fc74c0, Size=296, Default__UI_HUD_BP_C Function /Engine/Transient.REINST_UI_HUD_BP_C_0:ExecuteUbergraph_UI_HUD_BP
[2018.07.15-07.40.17:899][  0]LogUObjectGlobals: Created PersistentFrame Addr=0x0000020a98937f20, Size=200, Default__BP_Health_C Function /Game/Blueprints/Character/BP_Health.BP_Health_C:ExecuteUbergraph_BP_Health
[2018.07.15-07.40.17:903][  0]LogUObjectGlobals: Created PersistentFrame Addr=0x0000020a98926e80, Size=416, Default__BP_Marker_C Function /Game/Blueprints/Character/BP_Marker.BP_Marker_C:ExecuteUbergraph_BP_Marker
[2018.07.15-07.40.17:909][  0]LogUObjectGlobals: Created PersistentFrame Addr=0x0000020a952a0800, Size=992, Default__BP_Projectile_C Function /Game/Blueprints/Projectiles/BP_Projectile.BP_Projectile_C:ExecuteUbergraph_BP_Projectile
[2018.07.15-07.40.17:914][  0]LogUObjectGlobals: Created PersistentFrame Addr=0x0000020a988bb4c0, Size=184, Default__BP_Tile_C Function /Game/Blueprints/Tiles/BP_Tile.BP_Tile_C:ExecuteUbergraph_BP_Tile
[2018.07.15-07.40.17:922][  0]LogUObjectGlobals: Created PersistentFrame Addr=0x0000020a98877200, Size=1136, Default__BP_Weapon_C Function /Game/Blueprints/Character/BP_Weapon.BP_Weapon_C:ExecuteUbergraph_BP_Weapon
[2018.07.15-07.40.17:926][  0]LogUObjectGlobals: Created PersistentFrame Addr=0x0000020a95725180, Size=336, Default__CameraFocusActor_C Function /Game/Blueprints/CameraFocusActor.CameraFocusActor_C:ExecuteUbergraph_CameraFocusActor
[2018.07.15-07.40.17:928][  0]LogUObjectGlobals: Created PersistentFrame Addr=0x0000020a9885c520, Size=48, Default__GI_HotAsIce_C Function /Game/Blueprints/GameMode/GI_HotAsIce.GI_HotAsIce_C:ExecuteUbergraph_GI_HotAsIce
[2018.07.15-07.40.17:931][  0]LogUObjectGlobals: Created PersistentFrame Addr=0x0000020a989eea30, Size=4, Default__BaseGameMode_C Function /Game/Blueprints/GameMode/BaseGameMode.BaseGameMode_C:ExecuteUbergraph_BaseGameMode
[2018.07.15-07.40.17:938][  0]LogUObjectGlobals: Created PersistentFrame Addr=0x0000020a987d3880, Size=624, Default__Player_BP_C Function /Game/Blueprints/Character/Player_BP.Player_BP_C:ExecuteUbergraph_Player_BP
[2018.07.15-07.40.17:944][  0]LogUObjectGlobals: Created PersistentFrame Addr=0x0000020a988e3740, Size=296, Default__UI_HUD_BP_C Function /Game/Blueprints/UI/UI_HUD_BP.UI_HUD_BP_C:ExecuteUbergraph_UI_HUD_BP
[2018.07.15-07.40.18:151][  0]LogUObjectGlobals: Created PersistentFrame Addr=0x0000020a989ee560, Size=8, Default__BP_GridSystem_C Function /Game/Blueprints/Tiles/BP_GridSystem.BP_GridSystem_C:ExecuteUbergraph_BP_GridSystem
[2018.07.15-07.40.18:165][  0]LogUObjectGlobals: Destroyed PersistentFrame Addr=0x0000020a989ee560, Size=8
[2018.07.15-07.40.18:166][  0]LogUObjectGlobals: Created PersistentFrame Addr=0x0000020a989ee560, Size=8, Default__BP_GridSystem_C Function /Engine/Transient.REINST_BP_GridSystem_C_24:ExecuteUbergraph_BP_GridSystem
[2018.07.15-07.40.18:176][  0]LogUObjectGlobals: Created PersistentFrame Addr=0x0000020a989edf68, Size=8, Default__BP_GridSystem_C Function /Game/Blueprints/Tiles/BP_GridSystem.BP_GridSystem_C:ExecuteUbergraph_BP_GridSystem
[2018.07.15-07.40.18:946][  0]LogTexture: Display: Building textures: T_Flame_01 (G8, 256X256)
[2018.07.15-07.40.18:946][  0]LogTexture: Display: Building textures: temperature-gradient (AutoDXT, 500X100)
[2018.07.15-07.40.18:946][  0]LogTexture: Display: Building textures: T_Recticle (AutoDXT, 512X512)
[2018.07.15-07.40.19:060][  0]LogMaterial: Missing cached shader map for material M_ParticleMaterial, compiling. 
[2018.07.15-07.40.19:418][  0]LogShaderCompilers: Display: Shaders left to compile 87
[2018.07.15-07.40.19:418][  0]LogShaderCompilers: Display: Shaders left to compile 77
[2018.07.15-07.40.19:418][  0]LogShaderCompilers: Display: Shaders left to compile 67
[2018.07.15-07.40.19:418][  0]LogShaderCompilers: Display: Shaders left to compile 57
[2018.07.15-07.40.19:418][  0]LogShaderCompilers: Display: Shaders left to compile 47
[2018.07.15-07.40.19:418][  0]LogStaticMesh: Building static mesh ME_Meteor_One...
[2018.07.15-07.40.19:503][  0]LogStaticMesh: Built static mesh [0.09s] /Game/Art_Assets/ME_Meteor_One.ME_Meteor_One
[2018.07.15-07.40.19:563][  0]LogStaticMesh: Building static mesh ME_Icycle_One...
[2018.07.15-07.40.19:578][  0]LogStaticMesh: Built static mesh [0.02s] /Game/Art_Assets/ME_Icycle_One.ME_Icycle_One
[2018.07.15-07.40.19:812][  0]LogSkeletalMesh: Skeletal Mesh found in DDC [79.205673ms] /Engine/Tutorial/SubEditors/TutorialAssets/Character/TutorialTPP.TutorialTPP
[2018.07.15-07.40.19:935][  0]LogMaterial: Missing cached shader map for material M_Marker, compiling. 
[2018.07.15-07.40.20:086][  0]LogMaterial: Missing cached shader map for material M_TileTop, compiling. 
[2018.07.15-07.40.20:134][  0]LogMaterial: Missing cached shader map for material M_TileTemp, compiling. 
[2018.07.15-07.40.20:294][  0]LogAIModule: Creating AISystem for world PlayerMovementTest
[2018.07.15-07.40.21:064][  0]LogEditorServer: Finished looking for orphan Actors (0.000 secs)
[2018.07.15-07.40.21:293][  0]LogUObjectGlobals: Destroyed PersistentFrame Addr=0x0000020af4b03280, Size=336
[2018.07.15-07.40.21:293][  0]LogUObjectGlobals: Destroyed PersistentFrame Addr=0x0000020a97f25800, Size=624
[2018.07.15-07.40.21:293][  0]LogUObjectGlobals: Destroyed PersistentFrame Addr=0x0000020a97d16e80, Size=200
[2018.07.15-07.40.21:293][  0]LogUObjectGlobals: Destroyed PersistentFrame Addr=0x0000020a97df3340, Size=184
[2018.07.15-07.40.21:293][  0]LogUObjectGlobals: Destroyed PersistentFrame Addr=0x0000020a97e6b3c0, Size=416
[2018.07.15-07.40.21:293][  0]LogUObjectGlobals: Destroyed PersistentFrame Addr=0x0000020acd7bb900, Size=1136
[2018.07.15-07.40.21:293][  0]LogUObjectGlobals: Destroyed PersistentFrame Addr=0x0000020a97e73000, Size=992
[2018.07.15-07.40.21:293][  0]LogUObjectGlobals: Destroyed PersistentFrame Addr=0x0000020a952c7e50, Size=48
[2018.07.15-07.40.21:293][  0]LogUObjectGlobals: Destroyed PersistentFrame Addr=0x0000020a97fc74c0, Size=296
[2018.07.15-07.40.21:293][  0]LogUObjectGlobals: Destroyed PersistentFrame Addr=0x0000020a97ecddd0, Size=4
[2018.07.15-07.40.21:294][  0]LogUObjectGlobals: Destroyed PersistentFrame Addr=0x0000020a989ee560, Size=8
[2018.07.15-07.40.21:383][  0]Cmd: MAP CHECKDEP NOCLEARLOG
[2018.07.15-07.40.21:473][  0]MapCheck: Map check complete: 0 Error(s), 0 Warning(s), took 89,939ms to complete.
[2018.07.15-07.40.21:473][  0]LogFileHelpers: Loading map 'PlayerMovementTest' took 7.026
[2018.07.15-07.40.24:810][  0]LogCollectionManager: Loaded 0 collections in 0.001992 seconds
[2018.07.15-07.40.25:351][  0]LogFileCache: Scanning file cache for directory 'D:/BrainsEden/BrainsEden2018/HotAsIce/Saved/Collections/' took 0.01s
[2018.07.15-07.40.25:351][  0]LogFileCache: Scanning file cache for directory 'D:/BrainsEden/BrainsEden2018/HotAsIce/Content/Developers/jenni/Collections/' took 0.01s
[2018.07.15-07.40.25:351][  0]LogFileCache: Scanning file cache for directory 'D:/BrainsEden/BrainsEden2018/HotAsIce/Content/Collections/' took 0.01s
[2018.07.15-07.40.25:351][  0]LogCollectionManager: Rebuilt the GUID cache for 0 collections in 0.000001 seconds
[2018.07.15-07.40.25:366][  0]LogContentBrowser: Native class hierarchy populated in 0.0142 seconds. Added 2452 classes and 558 folders.
[2018.07.15-07.40.25:545][  0]LogContentBrowser: Native class hierarchy updated for 'WidgetCarousel' in 0.0004 seconds. Added 0 classes and 0 folders.
[2018.07.15-07.40.28:351][  0]LogContentBrowser: Native class hierarchy updated for 'AddContentDialog' in 0.0004 seconds. Added 0 classes and 0 folders.
[2018.07.15-07.40.28:537][  0]LogContentBrowser: Native class hierarchy updated for 'SceneOutliner' in 0.0004 seconds. Added 1 classes and 2 folders.
[2018.07.15-07.40.28:817][  0]LogShaderCompilers: Display: Shaders left to compile 170
[2018.07.15-07.40.28:817][  0]LogContentBrowser: Native class hierarchy updated for 'WorldBrowser' in 0.0005 seconds. Added 2 classes and 3 folders.
[2018.07.15-07.40.30:138][  0]LogShaderCompilers: Display: Shaders left to compile 160
[2018.07.15-07.40.30:138][  0]LogShaderCompilers: Display: Shaders left to compile 150
[2018.07.15-07.40.30:138][  0]LogShaderCompilers: Display: Shaders left to compile 140
[2018.07.15-07.40.30:138][  0]LogShaderCompilers: Display: Shaders left to compile 130
[2018.07.15-07.40.30:138][  0]LogSlate: Took 0.020682 seconds to synchronously load lazily loaded font '../../../Engine/Content/Slate/Fonts/Roboto-Regular.ttf' (155K)
[2018.07.15-07.40.30:203][  0]LogSlate: Took 0.062506 seconds to synchronously load lazily loaded font '../../../Engine/Content/Slate/Fonts/Roboto-Bold.ttf' (160K)
[2018.07.15-07.40.30:291][  0]LogSlate: Took 0.024698 seconds to synchronously load lazily loaded font '../../../Engine/Content/Editor/Slate/Fonts/FontAwesome.ttf' (139K)
[2018.07.15-07.40.30:916][  0]LogRenderer: Reallocating scene render targets to support 1128x516 Format 10 NumSamples 1 (Frame:1).
[2018.07.15-07.40.33:131][  0]LogShaderCompilers: Display: Shaders left to compile 120
[2018.07.15-07.40.33:232][  0]LogContentBrowser: Native class hierarchy updated for 'HierarchicalLODOutliner' in 0.0005 seconds. Added 0 classes and 0 folders.
[2018.07.15-07.40.33:232][  0]LogLoad: (Engine Initialization) Total time: 132.05 seconds
[2018.07.15-07.40.33:232][  0]LogLoad: (Engine Initialization) Total Blueprint compile time: 0.00 seconds
[2018.07.15-07.40.33:801][  0]LogContentStreaming: Texture pool size now 1000 MB
[2018.07.15-07.40.33:951][  0]LogShaderCompilers: Display: Shaders left to compile 110
[2018.07.15-07.40.33:951][  0]LogShaderCompilers: Display: Shaders left to compile 100
[2018.07.15-07.40.33:951][  0]LogSlate: Took 0.034944 seconds to synchronously load lazily loaded font '../../../Engine/Content/Slate/Fonts/Roboto-Light.ttf' (167K)
[2018.07.15-07.40.34:083][  1]LogFileCache: Retrieving MD5 hashes for directory 'D:/BrainsEden/BrainsEden2018/HotAsIce/Content/' took 0.47s
[2018.07.15-07.40.34:413][  2]LogAssetRegistry: Asset discovery search completed in 94.2947 seconds
[2018.07.15-07.40.34:434][  2]LogCollectionManager: Rebuilt the object cache for 0 collections in 0.000001 seconds (found 0 objects)
[2018.07.15-07.40.34:434][  2]LogCollectionManager: Fixed up redirectors for 0 collections in 0.000105 seconds (updated 0 objects)
[2018.07.15-07.40.34:755][  3]LogSlate: Took 0.000408 seconds to synchronously load lazily loaded font '../../../Engine/Content/Slate/Fonts/Roboto-Light.ttf' (167K)
[2018.07.15-07.40.35:113][  4]LogShaderCompilers: Display: Shaders left to compile 90
[2018.07.15-07.40.35:413][  6]LogShaderCompilers: Display: Shaders left to compile 80
[2018.07.15-07.40.36:193][  8]LogShaderCompilers: Display: Shaders left to compile 70
[2018.07.15-07.40.37:063][ 10]LogShaderCompilers: Display: Shaders left to compile 60
[2018.07.15-07.40.37:063][ 10]LogSlate: FSceneViewport::OnFocusLost() reason 0
[2018.07.15-07.40.37:133][ 14]LogShaderCompilers: Display: Shaders left to compile 50
[2018.07.15-07.40.37:683][ 46]LogShaderCompilers: Display: Shaders left to compile 40
[2018.07.15-07.40.38:061][ 68]LogShaderCompilers: Display: Shaders left to compile 30
[2018.07.15-07.40.39:448][151]LogShaderCompilers: Display: Shaders left to compile 20
[2018.07.15-07.40.39:894][165]LogShaderCompilers: Display: Shaders left to compile 10
[2018.07.15-07.40.56:020][953]LogSkeletalMesh: Skeletal Mesh found in DDC [3.590925ms] /Game/Art_Assets/Rigs/IceCreamCone.IceCreamCone
[2018.07.15-07.40.57:721][ 36]Cmd: OBJ SAVEPACKAGE PACKAGE="/Game/Art_Assets/Rigs/IceCream/IceCreamCone" FILE="../../../../../../BrainsEden/BrainsEden2018/HotAsIce/Content/Art_Assets/Rigs/IceCream/IceCreamCone.uasset" SILENT=true
[2018.07.15-07.40.57:759][ 36]LogSavePackage: Save=35.98ms
[2018.07.15-07.40.57:759][ 36]LogSavePackage: Moving '../../../../../../BrainsEden/BrainsEden2018/HotAsIce/Saved/IceCreamConeBF86A3874D613AEEAF331A9103FE968D.tmp' to '../../../../../../BrainsEden/BrainsEden2018/HotAsIce/Content/Art_Assets/Rigs/IceCream/IceCreamCone.uasset'
[2018.07.15-07.40.57:792][ 36]LogSavePackage: Display: Finished SavePackage ../../../../../../BrainsEden/BrainsEden2018/HotAsIce/Content/Art_Assets/Rigs/IceCream/IceCreamCone.uasset
[2018.07.15-07.40.57:860][ 36]LogSavePackage: Save=24.92ms
[2018.07.15-07.40.57:860][ 36]LogSavePackage: Moving '../../../../../../BrainsEden/BrainsEden2018/HotAsIce/Saved/IceCreamCone_PhysicsAssetFFA0D7B84F12C5386EC1C997F454E7B1.tmp' to '../../../../../../BrainsEden/BrainsEden2018/HotAsIce/Content/Art_Assets/Rigs/IceCream/IceCreamCone_PhysicsAsset.uasset'
[2018.07.15-07.40.57:865][ 36]LogSavePackage: Display: Finished SavePackage ../../../../../../BrainsEden/BrainsEden2018/HotAsIce/Content/Art_Assets/Rigs/IceCream/IceCreamCone_PhysicsAsset.uasset
[2018.07.15-07.40.57:876][ 36]LogSavePackage: Save=2.43ms
[2018.07.15-07.40.57:876][ 36]LogSavePackage: Moving '../../../../../../BrainsEden/BrainsEden2018/HotAsIce/Saved/IceCreamCone_Skeleton9BBE5920411699A44150129A527D7EDD.tmp' to '../../../../../../BrainsEden/BrainsEden2018/HotAsIce/Content/Art_Assets/Rigs/IceCream/IceCreamCone_Skeleton.uasset'
[2018.07.15-07.40.57:881][ 36]LogSavePackage: Display: Finished SavePackage ../../../../../../BrainsEden/BrainsEden2018/HotAsIce/Content/Art_Assets/Rigs/IceCream/IceCreamCone_Skeleton.uasset
[2018.07.15-07.41.23:265][322]LogFactory: FactoryCreateFile: StaticMesh with FbxFactory (0 0 ../../../../../../BrainsEden/characters/Chillypepper.fbx)
[2018.07.15-07.41.23:404][322]LogFbx: ItemName: GlobalSettings, ItemCount : 1
[2018.07.15-07.41.23:404][322]LogFbx: ItemName: AnimationStack, ItemCount : 1
[2018.07.15-07.41.23:404][322]LogFbx: ItemName: AnimationLayer, ItemCount : 1
[2018.07.15-07.41.23:404][322]LogFbx: ItemName: NodeAttribute, ItemCount : 23
[2018.07.15-07.41.23:404][322]LogFbx: ItemName: Model, ItemCount : 24
[2018.07.15-07.41.23:404][322]LogFbx: ItemName: Geometry, ItemCount : 1
[2018.07.15-07.41.23:404][322]LogFbx: ItemName: Material, ItemCount : 4
[2018.07.15-07.41.23:404][322]LogFbx: ItemName: AnimationCurveNode, ItemCount : 51
[2018.07.15-07.41.23:404][322]LogFbx: ItemName: CollectionExclusive, ItemCount : 2
[2018.07.15-07.41.23:404][322]LogFbx: ItemName: AnimationCurve, ItemCount : 51
[2018.07.15-07.41.23:404][322]LogFbx: ItemName: Pose, ItemCount : 1
[2018.07.15-07.41.23:404][322]LogFbx: ItemName: Deformer, ItemCount : 24
[2018.07.15-07.41.23:418][322]LogFbx: Loading FBX Scene from ../../../../../../BrainsEden/characters/Chillypepper.fbx
[2018.07.15-07.41.23:451][322]LogFbx: FBX Scene Loaded Succesfully
[2018.07.15-07.41.25:148][322]LogSlate: Window 'FBX Import Options' being destroyed
[2018.07.15-07.41.25:223][322]LogFbx: Loading FBX Scene from ../../../../../../BrainsEden/characters/Chillypepper.fbx
[2018.07.15-07.41.25:244][322]LogFbx: FBX Scene Loaded Succesfully
[2018.07.15-07.41.25:273][322]LogFbx: =================================================
[2018.07.15-07.41.25:273][322]LogFbx: Dumping Node START [Pepper] 
[2018.07.15-07.41.25:273][322]LogFbx: 	Total Deformer Count -1724151696.
[2018.07.15-07.41.25:273][322]LogFbx: 		[Node 1]  (Type Skin).
[2018.07.15-07.41.25:273][322]LogFbx: =================================================
[2018.07.15-07.41.25:273][322]LogFbx: 	Attribute () Type (4).
[2018.07.15-07.41.25:273][322]LogFbx: 		[Node Attribute Child 1] Pepper (Type Mesh).
[2018.07.15-07.41.25:273][322]LogFbx: Dumping Node END [Pepper]
[2018.07.15-07.41.25:274][322]LogFbx: =================================================
[2018.07.15-07.41.25:274][322]LogFbx: Dumping Node START [Pepper] 
[2018.07.15-07.41.25:274][322]LogFbx: 	Total Deformer Count -1724143968.
[2018.07.15-07.41.25:274][322]LogFbx: 		[Node 1]  (Type Skin).
[2018.07.15-07.41.25:274][322]LogFbx: =================================================
[2018.07.15-07.41.25:274][322]LogFbx: 	Attribute () Type (4).
[2018.07.15-07.41.25:274][322]LogFbx: 		[Node Attribute Child 1] Pepper (Type Mesh).
[2018.07.15-07.41.25:274][322]LogFbx: Dumping Node END [Pepper]
[2018.07.15-07.41.25:277][322]LogFbx: Valid bind pose for Pose (skinCluster1) - Pepper
[2018.07.15-07.41.25:282][322]LogFbx: Triangulating skeletal mesh Pepper
[2018.07.15-07.41.25:425][322]LogFbx: Warning: Bones digested - 23  Depth of hierarchy - 17
[2018.07.15-07.41.25:496][322]LogSkeletalMesh: Section 0: 428 vertices, 3 active bones
[2018.07.15-07.41.25:496][322]LogSkeletalMesh: Section 1: 124 vertices, 2 active bones
[2018.07.15-07.41.25:496][322]LogSkeletalMesh: Section 2: 1256 vertices, 4 active bones
[2018.07.15-07.41.25:496][322]LogSkeletalMesh: Section 3: 200 vertices, 3 active bones
[2018.07.15-07.41.25:499][322]LogSkeletalMesh: Section 0: Material=0, 658 triangles
[2018.07.15-07.41.25:499][322]LogSkeletalMesh: Section 1: Material=1, 112 triangles
[2018.07.15-07.41.25:499][322]LogSkeletalMesh: Section 2: Material=2, 1723 triangles
[2018.07.15-07.41.25:499][322]LogSkeletalMesh: Section 3: Material=3, 148 triangles
[2018.07.15-07.41.25:500][322]LogSkeletalMesh: Building Skeletal Mesh Chillypepper...
[2018.07.15-07.41.25:503][322]LogSkeletalMesh: Built Skeletal Mesh [0.00s] /Game/Art_Assets/Rigs/ChillyPepper/Chillypepper.Chillypepper
[2018.07.15-07.41.25:504][322]LogLinker: Can't find file '/Game/Art_Assets/Rigs/ChillyPepper/Chillypepper_Skeleton'
[2018.07.15-07.41.25:505][322]LogLinker: Can't find file '/Game/Art_Assets/Rigs/ChillyPepper/Chillypepper_Skeleton'
[2018.07.15-07.41.25:522][322]LogLinker: Can't find file '/Game/Art_Assets/Rigs/ChillyPepper/Chillypepper_PhysicsAsset'
[2018.07.15-07.41.25:522][322]LogLinker: Can't find file '/Game/Art_Assets/Rigs/ChillyPepper/Chillypepper_PhysicsAsset'
[2018.07.15-07.41.25:548][322]LogSkeletalMesh: Building Skeletal Mesh Chillypepper...
[2018.07.15-07.41.25:552][322]LogSkeletalMesh: Built Skeletal Mesh [0.00s] /Game/Art_Assets/Rigs/ChillyPepper/Chillypepper.Chillypepper
[2018.07.15-07.41.27:962][454]LogContentBrowser: Native class hierarchy updated for 'SkeletonEditor' in 0.0003 seconds. Added 1 classes and 2 folders.
[2018.07.15-07.41.28:672][454]LogActorComponent: RegisterComponentWithWorld: (/Engine/Transient.World_4:PersistentLevel.Actor_0.DebugSkelMeshComponent_0) Already registered. Aborting.
[2018.07.15-07.41.28:721][454]LogContentBrowser: Native class hierarchy updated for 'PinnedCommandList' in 0.0009 seconds. Added 1 classes and 0 folders.
[2018.07.15-07.41.29:029][454]LogSkeletalMesh: USkeletalMeshComponent::InitArticulated : Bodies already created (/Engine/Transient.World_4:PersistentLevel.Actor_0.DebugSkelMeshComponent_0) - call TermArticulated first.
[2018.07.15-07.41.29:958][454]LogSlate: Took 0.010450 seconds to synchronously load lazily loaded font '../../../Engine/Content/Slate/Fonts/Roboto-Italic.ttf' (157K)
[2018.07.15-07.41.30:002][454]LogContentBrowser: Native class hierarchy updated for 'ClothingSystemEditorInterface' in 0.0003 seconds. Added 1 classes and 0 folders.
[2018.07.15-07.41.30:076][455]LogRenderer: Reallocating scene render targets to support 1128x588 Format 10 NumSamples 1 (Frame:1).
[2018.07.15-07.41.33:098][535]LogMaterial: Missing cached shader map for material Material_0, compiling. 
[2018.07.15-07.41.33:208][536]LogShaderCompilers: Display: Shaders left to compile 44
[2018.07.15-07.41.33:208][536]LogShaderCompilers: Display: Shaders left to compile 34
[2018.07.15-07.41.33:209][536]LogShaderCompilers: Display: Shaders left to compile 24
[2018.07.15-07.41.33:209][536]LogShaderCompilers: Display: Shaders left to compile 14
[2018.07.15-07.41.33:232][536]LogMaterial: Missing cached shader map for material Material_1, compiling. 
[2018.07.15-07.41.33:383][537]LogMaterial: Missing cached shader map for material Material_2, compiling. 
[2018.07.15-07.41.33:605][538]LogMaterial: Missing cached shader map for material Material_3, compiling. 
[2018.07.15-07.41.33:760][539]LogMaterial: Missing cached shader map for material Material_4, compiling. 
[2018.07.15-07.41.33:913][540]LogMaterial: Missing cached shader map for material Material_5, compiling. 
[2018.07.15-07.41.35:939][602]LogShaderCompilers: Display: Shaders left to compile 224
[2018.07.15-07.41.36:207][616]LogShaderCompilers: Display: Shaders left to compile 214
[2018.07.15-07.41.36:378][625]LogShaderCompilers: Display: Shaders left to compile 204
[2018.07.15-07.41.39:792][678]LogSkeletalMesh: Building Skeletal Mesh Chillypepper...
[2018.07.15-07.41.39:796][678]LogSkeletalMesh: Built Skeletal Mesh [0.00s] /Game/Art_Assets/Rigs/ChillyPepper/Chillypepper.Chillypepper
[2018.07.15-07.41.40:369][699]LogShaderCompilers: Display: Shaders left to compile 194
[2018.07.15-07.41.40:918][722]LogShaderCompilers: Display: Shaders left to compile 184
[2018.07.15-07.41.41:232][735]LogShaderCompilers: Display: Shaders left to compile 174
[2018.07.15-07.41.41:292][737]LogShaderCompilers: Display: Shaders left to compile 164
[2018.07.15-07.41.42:644][757]LogSkeletalMesh: Building Skeletal Mesh Chillypepper...
[2018.07.15-07.41.42:661][757]LogSkeletalMesh: Built Skeletal Mesh [0.02s] /Game/Art_Assets/Rigs/ChillyPepper/Chillypepper.Chillypepper
[2018.07.15-07.41.45:038][809]LogSkeletalMesh: Building Skeletal Mesh Chillypepper...
[2018.07.15-07.41.45:043][809]LogSkeletalMesh: Built Skeletal Mesh [0.00s] /Game/Art_Assets/Rigs/ChillyPepper/Chillypepper.Chillypepper
[2018.07.15-07.41.46:645][854]LogShaderCompilers: Display: Shaders left to compile 154
[2018.07.15-07.41.47:266][863]LogShaderCompilers: Display: Shaders left to compile 144
[2018.07.15-07.41.48:147][877]LogSkeletalMesh: Building Skeletal Mesh Chillypepper...
[2018.07.15-07.41.48:162][877]LogSkeletalMesh: Built Skeletal Mesh [0.02s] /Game/Art_Assets/Rigs/ChillyPepper/Chillypepper.Chillypepper
[2018.07.15-07.41.49:117][887]LogShaderCompilers: Display: Shaders left to compile 134
[2018.07.15-07.41.49:365][893]LogShaderCompilers: Display: Shaders left to compile 124
[2018.07.15-07.41.50:248][931]LogSkeletalMesh: Building Skeletal Mesh Chillypepper...
[2018.07.15-07.41.50:253][931]LogSkeletalMesh: Built Skeletal Mesh [0.00s] /Game/Art_Assets/Rigs/ChillyPepper/Chillypepper.Chillypepper
[2018.07.15-07.41.53:015][986]LogShaderCompilers: Display: Shaders left to compile 114
[2018.07.15-07.41.53:262][990]LogShaderCompilers: Display: Shaders left to compile 104
[2018.07.15-07.41.53:566][995]LogSkeletalMesh: Building Skeletal Mesh Chillypepper...
[2018.07.15-07.41.53:584][995]LogSkeletalMesh: Built Skeletal Mesh [0.02s] /Game/Art_Assets/Rigs/ChillyPepper/Chillypepper.Chillypepper
[2018.07.15-07.41.54:098][  1]LogShaderCompilers: Display: Shaders left to compile 94
[2018.07.15-07.41.55:505][ 41]LogShaderCompilers: Display: Shaders left to compile 84
[2018.07.15-07.41.55:598][ 42]LogSkeletalMesh: Building Skeletal Mesh Chillypepper...
[2018.07.15-07.41.55:613][ 42]LogSkeletalMesh: Built Skeletal Mesh [0.02s] /Game/Art_Assets/Rigs/ChillyPepper/Chillypepper.Chillypepper
[2018.07.15-07.41.57:384][ 64]LogShaderCompilers: Display: Shaders left to compile 74
[2018.07.15-07.41.58:028][ 75]LogSkeletalMesh: Building Skeletal Mesh Chillypepper...
[2018.07.15-07.41.58:043][ 75]LogSkeletalMesh: Built Skeletal Mesh [0.02s] /Game/Art_Assets/Rigs/ChillyPepper/Chillypepper.Chillypepper
[2018.07.15-07.42.00:391][120]LogSkeletalMesh: Building Skeletal Mesh Chillypepper...
[2018.07.15-07.42.00:407][120]LogSkeletalMesh: Built Skeletal Mesh [0.02s] /Game/Art_Assets/Rigs/ChillyPepper/Chillypepper.Chillypepper
[2018.07.15-07.42.00:834][122]LogShaderCompilers: Display: Shaders left to compile 64
[2018.07.15-07.42.01:626][133]LogSkeletalMesh: Building Skeletal Mesh Chillypepper...
[2018.07.15-07.42.01:641][133]LogSkeletalMesh: Built Skeletal Mesh [0.02s] /Game/Art_Assets/Rigs/ChillyPepper/Chillypepper.Chillypepper
[2018.07.15-07.42.02:340][141]LogShaderCompilers: Display: Shaders left to compile 54
[2018.07.15-07.42.02:800][151]LogShaderCompilers: Display: Shaders left to compile 44
[2018.07.15-07.42.03:128][163]LogShaderCompilers: Display: Shaders left to compile 34
[2018.07.15-07.42.04:308][199]LogSavePackage: Save=84.21ms
[2018.07.15-07.42.04:308][199]LogSavePackage: Moving '../../../../../../BrainsEden/BrainsEden2018/HotAsIce/Saved/ChillypepperB7357DA745E9E41E2701908F2732912F.tmp' to '../../../../../../BrainsEden/BrainsEden2018/HotAsIce/Content/Art_Assets/Rigs/ChillyPepper/Chillypepper.uasset'
[2018.07.15-07.42.04:339][199]LogSavePackage: Display: Finished SavePackage ../../../../../../BrainsEden/BrainsEden2018/HotAsIce/Content/Art_Assets/Rigs/ChillyPepper/Chillypepper.uasset
[2018.07.15-07.42.05:504][217]LogSlate: Window 'Chillypepper' being destroyed
[2018.07.15-07.42.05:524][217]LogSlate: Window 'Chillypepper' being destroyed
[2018.07.15-07.42.07:301][244]LogShaderCompilers: Display: Shaders left to compile 24
[2018.07.15-07.42.07:504][251]LogShaderCompilers: Display: Shaders left to compile 14
[2018.07.15-07.42.07:974][277]LogShaderCompilers: Display: Shaders left to compile 4
[2018.07.15-07.42.18:384][363]LogSlate: Window 'Save Content' being destroyed
[2018.07.15-07.42.18:443][363]LogSavePackage: Save=15.56ms
[2018.07.15-07.42.18:443][363]LogSavePackage: Moving '../../../../../../BrainsEden/BrainsEden2018/HotAsIce/Saved/Chillypepper_PhysicsAsset6C08461F4A074E54EDF7A9ABFF421341.tmp' to '../../../../../../BrainsEden/BrainsEden2018/HotAsIce/Content/Art_Assets/Rigs/ChillyPepper/Chillypepper_PhysicsAsset.uasset'
[2018.07.15-07.42.18:449][363]LogSavePackage: Display: Finished SavePackage ../../../../../../BrainsEden/BrainsEden2018/HotAsIce/Content/Art_Assets/Rigs/ChillyPepper/Chillypepper_PhysicsAsset.uasset
[2018.07.15-07.42.18:458][363]LogSavePackage: Save=2.84ms
[2018.07.15-07.42.18:458][363]LogSavePackage: Moving '../../../../../../BrainsEden/BrainsEden2018/HotAsIce/Saved/Chillypepper_Skeleton8C4031AB47C3B5054D565087CC02C984.tmp' to '../../../../../../BrainsEden/BrainsEden2018/HotAsIce/Content/Art_Assets/Rigs/ChillyPepper/Chillypepper_Skeleton.uasset'
[2018.07.15-07.42.18:464][363]LogSavePackage: Display: Finished SavePackage ../../../../../../BrainsEden/BrainsEden2018/HotAsIce/Content/Art_Assets/Rigs/ChillyPepper/Chillypepper_Skeleton.uasset
